********************************************************************************
DUPLICATOR-LITE PACKAGE-LOG: 1. July 2026 14:04
NOTICE: Do NOT post to public sites or forums 
********************************************************************************
VERSION:	1.5.16.1
WORDPRESS:	7.0
PHP INFO:	8.4.22 | SAPI: apache2handler
SERVER:		Apache/2.4.67 (Debian) 
PHP TIME LIMIT: (0) no time limit imposed 
PHP MAX MEMORY: 4294967296 (256M default) 
MEMORY STACK: 8MB

********************************************************************************
DATABASE:
********************************************************************************
BUILD MODE:   PHP(query limit - 100)
MYSQLTIMEOUT: 5000
MYSQLDUMP:    Not Supported
TABLES: total:27 | filtered:0 | create:27
FILTERED: []
SQL CREATED: 20260701_beziehungssachehundlokal_1b2467eec803f8388317_20260701140407_database.sql
SQL FILE SIZE: 2.43MB (2548301)
SQL FILE TIME: 2026-07-01 14:04:26
SQL RUNTIME: 0.25 Sekunden

********************************************************************************
ARCHIVE (ZIP):
********************************************************************************
ARCHIVE DIR:  /var/www/html
ARCHIVE FILE: 20260701_beziehungssachehundlokal_1b2467eec803f8388317_20260701140407_archive.zip
FILTERS: *OFF*
DIRS:
	not set
FILES:
	not set
EXTS:  not set
----------------------------------------
COMPRESSING
SIZE:	187.93MB
STATS:	Dirs 1,682 | Files 10,098
SQL ADDED: 20260701_beziehungssachehundlokal_1b2467eec803f8388317_20260701140407_database.sql
ZipArchive Object
(
    [lastId] => 11779
    [status] => 0
    [statusSys] => 0
    [numFiles] => 11780
    [filename] => /var/www/html/wp-content/backups-dup-lite/tmp/20260701_beziehungssachehundlokal_1b2467eec803f8388317_20260701140407_archive.zip
    [comment] => 
)

FILE ADDED TO ZIP: 11779
[PHP ERR][NOTICE] MSG:ob_flush(): Failed to flush buffer. No buffer to flush [CODE:8|FILE:/var/www/html/wp-content/plugins/duplicator/classes/utilities/class.u.php|LINE:173]
do_action('wp_ajax_duplicator_package_build'), WP_Hook->do_action, WP_Hook->apply_filters, duplicator_package_build, DUP_Package->runZipBuild, DUP_Archive->build, DUP_Zip::create, DUP_Util::fcgiFlush, ob_flush, DUP_Handler::error, DUP_Handler::getMessage
COMPRESSION RESULT: '1'
COMPRESSED SIZE: 81.29MB
ARCHIVE RUNTIME: 21.74 Sekunden
MEMORY STACK: 12MB
building installer
[PHP ERR][WARN] MSG:mkdir(): Permission denied [CODE:2|FILE:/var/www/html/wp-includes/functions.php|LINE:2091]
do_action('wp_ajax_duplicator_package_build'), WP_Hook->do_action, WP_Hook->apply_filters, duplicator_package_build, DUP_Package->runZipBuild, DUP_Installer->build, DUP_Installer->create_enhanced_installer_files, DUP_Installer->create_archive_config_file, DUP_MU::getSubsites, DUP_MU::getSubsiteInfo, wp_upload_dir, wp_mkdir_p, mkdir, DUP_Handler::error, DUP_Handler::getMessage
KONSISTENZPRÜFUNG DES ARCHIVS: ERFOLGREICH

********************************************************************************
INTEGRITY CHECKS:
********************************************************************************
SQL FILE: 2.43MB
INSTALLER FILE: 73.51KB
ARCHIVE FILE: 83.26MB 
ERWARTETE MENGE DATEIEN/VERZEICHNISSE: 11,780
TATSÄCHLICHE MENGE DATEIEN/VERZEICHNISSE: 11,779
ARCHIV-KONSISTENZ-TEST: Bestanden

********************************************************************************
RECORD ID:[1]
TOTAL PROCESS RUNTIME: 23.53 Sekunden
PEAK PHP MEMORY USED: 12MB
DONE PROCESSING => 20260701_beziehungssachehundlokal 1. July 2026 14:04

